::1 - - [Wed, 23 May 2018 09:58:44 GMT] "GET /students/test HTTP/1.1" 200 17 "-" "Mozilla/5.0 (Macintosh; Intel Mac OS X 10_12_6) AppleWebKit/537.36 (KHTML, like Gecko) Chrome/66.0.3359.181 Safari/537.36"
::1 - - [Wed, 23 May 2018 09:58:46 GMT] "GET /favicon.ico HTTP/1.1" 404 1022 "http://localhost:3000/students/test" "Mozilla/5.0 (Macintosh; Intel Mac OS X 10_12_6) AppleWebKit/537.36 (KHTML, like Gecko) Chrome/66.0.3359.181 Safari/537.36"
::1 - - [Wed, 23 May 2018 10:16:18 GMT] "GET /students/test HTTP/1.1" 304 - "-" "Mozilla/5.0 (Macintosh; Intel Mac OS X 10_12_6) AppleWebKit/537.36 (KHTML, like Gecko) Chrome/66.0.3359.181 Safari/537.36"
::1 - - [Wed, 23 May 2018 10:16:22 GMT] "GET /students/test HTTP/1.1" 200 17 "-" "Mozilla/5.0 (Macintosh; Intel Mac OS X 10_12_6) AppleWebKit/537.36 (KHTML, like Gecko) Chrome/66.0.3359.181 Safari/537.36"
::1 - - [Wed, 23 May 2018 10:16:24 GMT] "GET /students/test HTTP/1.1" 200 17 "-" "Mozilla/5.0 (Macintosh; Intel Mac OS X 10_12_6) AppleWebKit/537.36 (KHTML, like Gecko) Chrome/66.0.3359.181 Safari/537.36"
::1 - - [Wed, 23 May 2018 10:18:27 GMT] "GET /students/test HTTP/1.1" 404 1022 "-" "Mozilla/5.0 (Macintosh; Intel Mac OS X 10_12_6) AppleWebKit/537.36 (KHTML, like Gecko) Chrome/66.0.3359.181 Safari/537.36"
::1 - - [Wed, 23 May 2018 10:18:27 GMT] "GET /stylesheets/style.css HTTP/1.1" 200 111 "http://localhost:3000/students/test" "Mozilla/5.0 (Macintosh; Intel Mac OS X 10_12_6) AppleWebKit/537.36 (KHTML, like Gecko) Chrome/66.0.3359.181 Safari/537.36"
::1 - - [Wed, 23 May 2018 10:19:31 GMT] "GET /students/test HTTP/1.1" 404 1022 "-" "Mozilla/5.0 (Macintosh; Intel Mac OS X 10_12_6) AppleWebKit/537.36 (KHTML, like Gecko) Chrome/66.0.3359.181 Safari/537.36"
::1 - - [Wed, 23 May 2018 10:19:31 GMT] "GET /stylesheets/style.css HTTP/1.1" 200 111 "http://localhost:3000/students/test" "Mozilla/5.0 (Macintosh; Intel Mac OS X 10_12_6) AppleWebKit/537.36 (KHTML, like Gecko) Chrome/66.0.3359.181 Safari/537.36"
::1 - - [Wed, 23 May 2018 10:19:49 GMT] "GET /students/ HTTP/1.1" 404 1022 "-" "Mozilla/5.0 (Macintosh; Intel Mac OS X 10_12_6) AppleWebKit/537.36 (KHTML, like Gecko) Chrome/66.0.3359.181 Safari/537.36"
::1 - - [Wed, 23 May 2018 10:19:49 GMT] "GET /stylesheets/style.css HTTP/1.1" 200 111 "http://localhost:3000/students/" "Mozilla/5.0 (Macintosh; Intel Mac OS X 10_12_6) AppleWebKit/537.36 (KHTML, like Gecko) Chrome/66.0.3359.181 Safari/537.36"
::1 - - [Wed, 23 May 2018 10:21:43 GMT] "GET /students/ HTTP/1.1" 404 1022 "-" "Mozilla/5.0 (Macintosh; Intel Mac OS X 10_12_6) AppleWebKit/537.36 (KHTML, like Gecko) Chrome/66.0.3359.181 Safari/537.36"
::1 - - [Wed, 23 May 2018 10:21:43 GMT] "GET /stylesheets/style.css HTTP/1.1" 200 111 "http://localhost:3000/students/" "Mozilla/5.0 (Macintosh; Intel Mac OS X 10_12_6) AppleWebKit/537.36 (KHTML, like Gecko) Chrome/66.0.3359.181 Safari/537.36"
::1 - - [Wed, 23 May 2018 10:23:36 GMT] "GET /students/ HTTP/1.1" 404 1022 "-" "Mozilla/5.0 (Macintosh; Intel Mac OS X 10_12_6) AppleWebKit/537.36 (KHTML, like Gecko) Chrome/66.0.3359.181 Safari/537.36"
::1 - - [Wed, 23 May 2018 10:23:36 GMT] "GET /stylesheets/style.css HTTP/1.1" 200 111 "http://localhost:3000/students/" "Mozilla/5.0 (Macintosh; Intel Mac OS X 10_12_6) AppleWebKit/537.36 (KHTML, like Gecko) Chrome/66.0.3359.181 Safari/537.36"
::1 - - [Wed, 23 May 2018 10:23:39 GMT] "GET /students/test HTTP/1.1" 404 1022 "-" "Mozilla/5.0 (Macintosh; Intel Mac OS X 10_12_6) AppleWebKit/537.36 (KHTML, like Gecko) Chrome/66.0.3359.181 Safari/537.36"
::1 - - [Wed, 23 May 2018 10:23:39 GMT] "GET /stylesheets/style.css HTTP/1.1" 200 111 "http://localhost:3000/students/test" "Mozilla/5.0 (Macintosh; Intel Mac OS X 10_12_6) AppleWebKit/537.36 (KHTML, like Gecko) Chrome/66.0.3359.181 Safari/537.36"
::1 - - [Wed, 23 May 2018 10:23:51 GMT] "GET /students/test HTTP/1.1" 200 7 "-" "Mozilla/5.0 (Macintosh; Intel Mac OS X 10_12_6) AppleWebKit/537.36 (KHTML, like Gecko) Chrome/66.0.3359.181 Safari/537.36"
::1 - - [Wed, 23 May 2018 10:28:27 GMT] "GET /students/test HTTP/1.1" 200 7 "-" "Mozilla/5.0 (Macintosh; Intel Mac OS X 10_12_6) AppleWebKit/537.36 (KHTML, like Gecko) Chrome/66.0.3359.181 Safari/537.36"
::1 - - [Wed, 23 May 2018 10:56:14 GMT] "GET /project/list HTTP/1.1" 404 1022 "-" "Mozilla/5.0 (Macintosh; Intel Mac OS X 10_12_6) AppleWebKit/537.36 (KHTML, like Gecko) Chrome/66.0.3359.181 Safari/537.36"
::1 - - [Wed, 23 May 2018 10:56:14 GMT] "GET /stylesheets/style.css HTTP/1.1" 200 111 "http://localhost:3000/project/list" "Mozilla/5.0 (Macintosh; Intel Mac OS X 10_12_6) AppleWebKit/537.36 (KHTML, like Gecko) Chrome/66.0.3359.181 Safari/537.36"
::1 - - [Wed, 23 May 2018 10:56:39 GMT] "GET /project/list HTTP/1.1" 404 1187 "-" "Mozilla/5.0 (Macintosh; Intel Mac OS X 10_12_6) AppleWebKit/537.36 (KHTML, like Gecko) Chrome/66.0.3359.181 Safari/537.36"
::1 - - [Wed, 23 May 2018 10:57:10 GMT] "GET /projects/list HTTP/1.1" 500 1224 "-" "Mozilla/5.0 (Macintosh; Intel Mac OS X 10_12_6) AppleWebKit/537.36 (KHTML, like Gecko) Chrome/66.0.3359.181 Safari/537.36"
::1 - - [Wed, 23 May 2018 10:58:34 GMT] "GET /projects/list HTTP/1.1" 500 129 "-" "Mozilla/5.0 (Macintosh; Intel Mac OS X 10_12_6) AppleWebKit/537.36 (KHTML, like Gecko) Chrome/66.0.3359.181 Safari/537.36"
::1 - - [Wed, 23 May 2018 10:59:50 GMT] "GET /projects/list HTTP/1.1" 500 129 "-" "Mozilla/5.0 (Macintosh; Intel Mac OS X 10_12_6) AppleWebKit/537.36 (KHTML, like Gecko) Chrome/66.0.3359.181 Safari/537.36"
::1 - - [Wed, 23 May 2018 11:00:37 GMT] "GET /project/list HTTP/1.1" 404 129 "-" "Mozilla/5.0 (Macintosh; Intel Mac OS X 10_12_6) AppleWebKit/537.36 (KHTML, like Gecko) Chrome/66.0.3359.181 Safari/537.36"
::1 - - [Wed, 23 May 2018 11:00:38 GMT] "GET /project/list HTTP/1.1" 404 129 "-" "Mozilla/5.0 (Macintosh; Intel Mac OS X 10_12_6) AppleWebKit/537.36 (KHTML, like Gecko) Chrome/66.0.3359.181 Safari/537.36"
::1 - - [Wed, 23 May 2018 11:00:40 GMT] "GET /project/list HTTP/1.1" 404 129 "-" "Mozilla/5.0 (Macintosh; Intel Mac OS X 10_12_6) AppleWebKit/537.36 (KHTML, like Gecko) Chrome/66.0.3359.181 Safari/537.36"
::1 - - [Wed, 23 May 2018 11:00:44 GMT] "GET /projects/list HTTP/1.1" 500 129 "-" "Mozilla/5.0 (Macintosh; Intel Mac OS X 10_12_6) AppleWebKit/537.36 (KHTML, like Gecko) Chrome/66.0.3359.181 Safari/537.36"
::1 - - [Wed, 23 May 2018 11:00:47 GMT] "GET /projects/list HTTP/1.1" 500 129 "-" "Mozilla/5.0 (Macintosh; Intel Mac OS X 10_12_6) AppleWebKit/537.36 (KHTML, like Gecko) Chrome/66.0.3359.181 Safari/537.36"
::1 - - [Wed, 23 May 2018 11:01:28 GMT] "GET /projects HTTP/1.1" 404 129 "-" "Mozilla/5.0 (Macintosh; Intel Mac OS X 10_12_6) AppleWebKit/537.36 (KHTML, like Gecko) Chrome/66.0.3359.181 Safari/537.36"
::1 - - [Wed, 23 May 2018 11:04:46 GMT] "GET /projects/list HTTP/1.1" 500 129 "-" "Mozilla/5.0 (Macintosh; Intel Mac OS X 10_12_6) AppleWebKit/537.36 (KHTML, like Gecko) Chrome/66.0.3359.181 Safari/537.36"
::1 - - [Wed, 23 May 2018 11:05:06 GMT] "GET /projects/list HTTP/1.1" 111 - "-" "Mozilla/5.0 (Macintosh; Intel Mac OS X 10_12_6) AppleWebKit/537.36 (KHTML, like Gecko) Chrome/66.0.3359.181 Safari/537.36"
::1 - - [Wed, 23 May 2018 11:05:09 GMT] "GET /projects/list HTTP/1.1" 111 - "-" "Mozilla/5.0 (Macintosh; Intel Mac OS X 10_12_6) AppleWebKit/537.36 (KHTML, like Gecko) Chrome/66.0.3359.181 Safari/537.36"
::1 - - [Wed, 23 May 2018 11:07:11 GMT] "GET /projects/list HTTP/1.1" 111 - "-" "Mozilla/5.0 (Macintosh; Intel Mac OS X 10_12_6) AppleWebKit/537.36 (KHTML, like Gecko) Chrome/66.0.3359.181 Safari/537.36"
::1 - - [Wed, 23 May 2018 11:07:23 GMT] "GET /projects/projectListPage HTTP/1.1" 404 129 "-" "Mozilla/5.0 (Macintosh; Intel Mac OS X 10_12_6) AppleWebKit/537.36 (KHTML, like Gecko) Chrome/66.0.3359.181 Safari/537.36"
::1 - - [Wed, 23 May 2018 11:09:34 GMT] "GET /projects/projectListPage HTTP/1.1" 404 129 "-" "Mozilla/5.0 (Macintosh; Intel Mac OS X 10_12_6) AppleWebKit/537.36 (KHTML, like Gecko) Chrome/66.0.3359.181 Safari/537.36"
::1 - - [Wed, 23 May 2018 11:09:40 GMT] "GET /projects/projectListPage HTTP/1.1" 404 129 "-" "Mozilla/5.0 (Macintosh; Intel Mac OS X 10_12_6) AppleWebKit/537.36 (KHTML, like Gecko) Chrome/66.0.3359.181 Safari/537.36"
::1 - - [Wed, 23 May 2018 11:11:26 GMT] "GET /projects/projectListPage HTTP/1.1" 111 - "-" "Mozilla/5.0 (Macintosh; Intel Mac OS X 10_12_6) AppleWebKit/537.36 (KHTML, like Gecko) Chrome/66.0.3359.181 Safari/537.36"
::1 - - [Wed, 23 May 2018 11:12:10 GMT] "GET /projects/projectListPage HTTP/1.1" 111 - "-" "Mozilla/5.0 (Macintosh; Intel Mac OS X 10_12_6) AppleWebKit/537.36 (KHTML, like Gecko) Chrome/66.0.3359.181 Safari/537.36"
::1 - - [Wed, 23 May 2018 11:12:29 GMT] "GET /projects/projectListPage HTTP/1.1" 200 36 "-" "Mozilla/5.0 (Macintosh; Intel Mac OS X 10_12_6) AppleWebKit/537.36 (KHTML, like Gecko) Chrome/66.0.3359.181 Safari/537.36"
::1 - - [Wed, 23 May 2018 11:14:31 GMT] "GET /projects/projectListPage HTTP/1.1" 500 129 "-" "Mozilla/5.0 (Macintosh; Intel Mac OS X 10_12_6) AppleWebKit/537.36 (KHTML, like Gecko) Chrome/66.0.3359.181 Safari/537.36"
::1 - - [Wed, 23 May 2018 11:19:07 GMT] "GET /projects/projectListPage HTTP/1.1" 500 129 "-" "Mozilla/5.0 (Macintosh; Intel Mac OS X 10_12_6) AppleWebKit/537.36 (KHTML, like Gecko) Chrome/66.0.3359.181 Safari/537.36"
::1 - - [Wed, 23 May 2018 11:22:48 GMT] "GET /projects/projectListPage HTTP/1.1" 500 129 "-" "Mozilla/5.0 (Macintosh; Intel Mac OS X 10_12_6) AppleWebKit/537.36 (KHTML, like Gecko) Chrome/66.0.3359.181 Safari/537.36"
::1 - - [Wed, 23 May 2018 11:38:22 GMT] "GET /projects/projectListPage HTTP/1.1" 500 129 "-" "Mozilla/5.0 (Macintosh; Intel Mac OS X 10_12_6) AppleWebKit/537.36 (KHTML, like Gecko) Chrome/66.0.3359.181 Safari/537.36"
::1 - - [Wed, 23 May 2018 11:38:56 GMT] "GET /projects/projectListPage HTTP/1.1" 500 129 "-" "Mozilla/5.0 (Macintosh; Intel Mac OS X 10_12_6) AppleWebKit/537.36 (KHTML, like Gecko) Chrome/66.0.3359.181 Safari/537.36"
